[     639ms] [ERROR] Failed to load resource: the server responded with a status of 404 () @ https://eu-assets.i.posthog.com/array/phc_xxx/config.js:0
[     639ms] [ERROR] Refused to execute script from 'https://eu-assets.i.posthog.com/array/phc_xxx/config.js' because its MIME type ('application/json') is not executable, and strict MIME type checking is enabled. @ http://localhost:4321/nl/:0
[     686ms] [ERROR] Failed to load resource: the server responded with a status of 404 () @ https://eu-assets.i.posthog.com/array/phc_xxx/config?ip=0&_=1772731209720&ver=1.357.0:0
[     722ms] [ERROR] Failed to load resource: the server responded with a status of 401 () @ https://eu.posthog.com/flags/?v=2&ip=0&_=1772731209769&ver=1.357.0&compression=base64:0
[    5662ms] [ERROR] Failed to load resource: the server responded with a status of 401 (Unauthorized) @ http://localhost:8001/api/v1/merchant-comms/widget/events/:0
[   11864ms] [ERROR] Failed to load resource: the server responded with a status of 404 () @ https://eu-assets.i.posthog.com/array/phc_xxx/config.js:0
[   11864ms] [ERROR] Refused to execute script from 'https://eu-assets.i.posthog.com/array/phc_xxx/config.js' because its MIME type ('application/json') is not executable, and strict MIME type checking is enabled. @ http://localhost:4321/nl/:0
[   11908ms] [ERROR] Failed to load resource: the server responded with a status of 404 () @ https://eu-assets.i.posthog.com/array/phc_xxx/config?ip=0&_=1772731220939&ver=1.357.0:0
[   11942ms] [ERROR] Failed to load resource: the server responded with a status of 401 () @ https://eu.posthog.com/flags/?v=2&ip=0&_=1772731220989&ver=1.357.0&compression=base64:0
[   16929ms] [ERROR] Failed to load resource: the server responded with a status of 401 (Unauthorized) @ http://localhost:8001/api/v1/merchant-comms/widget/events/:0
[  198381ms] [ERROR] Failed to load resource: the server responded with a status of 404 () @ https://eu-assets.i.posthog.com/array/phc_xxx/config.js:0
[  198381ms] [ERROR] Refused to execute script from 'https://eu-assets.i.posthog.com/array/phc_xxx/config.js' because its MIME type ('application/json') is not executable, and strict MIME type checking is enabled. @ http://localhost:4321/nl/:0
[  198429ms] [ERROR] Failed to load resource: the server responded with a status of 404 () @ https://eu-assets.i.posthog.com/array/phc_xxx/config?ip=0&_=1772731407456&ver=1.357.0:0
[  198462ms] [ERROR] Failed to load resource: the server responded with a status of 401 () @ https://eu.posthog.com/flags/?v=2&ip=0&_=1772731407510&ver=1.357.0&compression=base64:0
[  203446ms] [ERROR] Failed to load resource: the server responded with a status of 404 (Not Found) @ http://localhost:8001/api/v1/merchant-comms/widget/events/:0
[  208108ms] [ERROR] Failed to load resource: the server responded with a status of 404 () @ https://eu-assets.i.posthog.com/array/phc_xxx/config.js:0
[  208108ms] [ERROR] Refused to execute script from 'https://eu-assets.i.posthog.com/array/phc_xxx/config.js' because its MIME type ('application/json') is not executable, and strict MIME type checking is enabled. @ http://localhost:4321/nl/:0
[  208191ms] [ERROR] Failed to load resource: the server responded with a status of 404 () @ https://eu-assets.i.posthog.com/array/phc_xxx/config?ip=0&_=1772731417183&ver=1.357.0:0
[  208263ms] [ERROR] Failed to load resource: the server responded with a status of 401 () @ https://eu.posthog.com/flags/?v=2&ip=0&_=1772731417274&ver=1.357.0&compression=base64:0
[  213158ms] [ERROR] Failed to load resource: the server responded with a status of 401 (Unauthorized) @ http://localhost:8001/api/v1/merchant-comms/storefront/events/:0
[  226314ms] [ERROR] Failed to load resource: the server responded with a status of 404 () @ https://eu-assets.i.posthog.com/array/phc_xxx/config.js:0
[  226314ms] [ERROR] Refused to execute script from 'https://eu-assets.i.posthog.com/array/phc_xxx/config.js' because its MIME type ('application/json') is not executable, and strict MIME type checking is enabled. @ http://localhost:4321/nl/:0
[  226394ms] [ERROR] Failed to load resource: the server responded with a status of 404 () @ https://eu-assets.i.posthog.com/array/phc_xxx/config?ip=0&_=1772731435388&ver=1.357.0:0
[  226435ms] [ERROR] Failed to load resource: the server responded with a status of 401 () @ https://eu.posthog.com/flags/?v=2&ip=0&_=1772731435475&ver=1.357.0&compression=base64:0
[  231264ms] [ERROR] Failed to load resource: the server responded with a status of 401 (Unauthorized) @ http://localhost:8001/api/v1/merchant-comms/storefront/events/:0
