[    2345ms] [ERROR] Failed to load resource: the server responded with a status of 404 () @ https://eu-assets.i.posthog.com/array/phc_xxx/config.js:0
[    2345ms] [ERROR] Refused to execute script from 'https://eu-assets.i.posthog.com/array/phc_xxx/config.js' because its MIME type ('application/json') is not executable, and strict MIME type checking is enabled. @ http://localhost:4321/nl/:0
[    2406ms] [ERROR] Failed to load resource: the server responded with a status of 404 () @ https://eu-assets.i.posthog.com/array/phc_xxx/config?ip=0&_=1772720638676&ver=1.357.0:0
[    2442ms] [ERROR] Failed to load resource: the server responded with a status of 401 () @ https://eu.posthog.com/flags/?v=2&ip=0&_=1772720638735&ver=1.357.0&compression=base64:0
[  302592ms] [ERROR] Failed to load resource: the server responded with a status of 401 () @ https://eu.posthog.com/flags/?v=2&ip=0&_=1772720938741&ver=1.357.0&compression=base64:0
[  602489ms] [ERROR] Failed to load resource: the server responded with a status of 401 () @ https://eu.posthog.com/flags/?v=2&ip=0&_=1772721238744&ver=1.357.0&compression=base64:0
[  902468ms] [ERROR] Failed to load resource: the server responded with a status of 401 () @ https://eu.posthog.com/flags/?v=2&ip=0&_=1772721538744&ver=1.357.0&compression=base64:0
[ 1202496ms] [ERROR] Failed to load resource: the server responded with a status of 401 () @ https://eu.posthog.com/flags/?v=2&ip=0&_=1772721838749&ver=1.357.0&compression=base64:0
[ 1502472ms] [ERROR] Failed to load resource: the server responded with a status of 401 () @ https://eu.posthog.com/flags/?v=2&ip=0&_=1772722138750&ver=1.357.0&compression=base64:0
[ 1802471ms] [ERROR] Failed to load resource: the server responded with a status of 401 () @ https://eu.posthog.com/flags/?v=2&ip=0&_=1772722438750&ver=1.357.0&compression=base64:0
[ 2102479ms] [ERROR] Failed to load resource: the server responded with a status of 401 () @ https://eu.posthog.com/flags/?v=2&ip=0&_=1772722738754&ver=1.357.0&compression=base64:0
[ 2402475ms] [ERROR] Failed to load resource: the server responded with a status of 401 () @ https://eu.posthog.com/flags/?v=2&ip=0&_=1772723038759&ver=1.357.0&compression=base64:0
[ 2702489ms] [ERROR] Failed to load resource: the server responded with a status of 401 () @ https://eu.posthog.com/flags/?v=2&ip=0&_=1772723338762&ver=1.357.0&compression=base64:0
[ 3002486ms] [ERROR] Failed to load resource: the server responded with a status of 401 () @ https://eu.posthog.com/flags/?v=2&ip=0&_=1772723638764&ver=1.357.0&compression=base64:0
[ 3302501ms] [ERROR] Failed to load resource: the server responded with a status of 401 () @ https://eu.posthog.com/flags/?v=2&ip=0&_=1772723938767&ver=1.357.0&compression=base64:0
[ 3602496ms] [ERROR] Failed to load resource: the server responded with a status of 401 () @ https://eu.posthog.com/flags/?v=2&ip=0&_=1772724238768&ver=1.357.0&compression=base64:0
[ 3902502ms] [ERROR] Failed to load resource: the server responded with a status of 401 () @ https://eu.posthog.com/flags/?v=2&ip=0&_=1772724538770&ver=1.357.0&compression=base64:0
[ 4202501ms] [ERROR] Failed to load resource: the server responded with a status of 401 () @ https://eu.posthog.com/flags/?v=2&ip=0&_=1772724838776&ver=1.357.0&compression=base64:0
[ 4502607ms] [ERROR] Failed to load resource: the server responded with a status of 401 () @ https://eu.posthog.com/flags/?v=2&ip=0&_=1772725138776&ver=1.357.0&compression=base64:0
[ 4802515ms] [ERROR] Failed to load resource: the server responded with a status of 401 () @ https://eu.posthog.com/flags/?v=2&ip=0&_=1772725438781&ver=1.357.0&compression=base64:0
[ 5102514ms] [ERROR] Failed to load resource: the server responded with a status of 401 () @ https://eu.posthog.com/flags/?v=2&ip=0&_=1772725738781&ver=1.357.0&compression=base64:0
[ 5402501ms] [ERROR] Failed to load resource: the server responded with a status of 401 () @ https://eu.posthog.com/flags/?v=2&ip=0&_=1772726038784&ver=1.357.0&compression=base64:0
[ 5702513ms] [ERROR] Failed to load resource: the server responded with a status of 401 () @ https://eu.posthog.com/flags/?v=2&ip=0&_=1772726338786&ver=1.357.0&compression=base64:0
[ 6002517ms] [ERROR] Failed to load resource: the server responded with a status of 401 () @ https://eu.posthog.com/flags/?v=2&ip=0&_=1772726638791&ver=1.357.0&compression=base64:0
[ 6565768ms] [ERROR] Failed to load resource: net::ERR_CONNECTION_RESET @ http://localhost:8001/api/v1/products/?ids=1%2C2%2C3%2C8%2C4%2C5%2C6%2C7&lang=nl:0
[ 6602744ms] [ERROR] Failed to load resource: the server responded with a status of 401 () @ https://eu.posthog.com/flags/?v=2&ip=0&_=1772727238793&ver=1.357.0&compression=base64:0
[ 6902528ms] [ERROR] Failed to load resource: the server responded with a status of 401 () @ https://eu.posthog.com/flags/?v=2&ip=0&_=1772727538796&ver=1.357.0&compression=base64:0
[ 7202521ms] [ERROR] Failed to load resource: the server responded with a status of 401 () @ https://eu.posthog.com/flags/?v=2&ip=0&_=1772727838798&ver=1.357.0&compression=base64:0
[ 7502539ms] [ERROR] Failed to load resource: the server responded with a status of 401 () @ https://eu.posthog.com/flags/?v=2&ip=0&_=1772728138801&ver=1.357.0&compression=base64:0
[ 7802513ms] [ERROR] Failed to load resource: the server responded with a status of 401 () @ https://eu.posthog.com/flags/?v=2&ip=0&_=1772728438798&ver=1.357.0&compression=base64:0
[ 8102013ms] [ERROR] Failed to load resource: net::ERR_CONNECTION_REFUSED @ http://localhost:8001/api/v1/products/?ids=1%2C2%2C3%2C8%2C4%2C5%2C6%2C7&lang=nl:0
[ 8102630ms] [ERROR] Failed to load resource: the server responded with a status of 401 () @ https://eu.posthog.com/flags/?v=2&ip=0&_=1772728738800&ver=1.357.0&compression=base64:0
[ 8402010ms] [ERROR] Failed to load resource: net::ERR_CONNECTION_REFUSED @ http://localhost:8001/api/v1/products/?ids=1%2C2%2C3%2C8%2C4%2C5%2C6%2C7&lang=nl:0
[ 8402525ms] [ERROR] Failed to load resource: the server responded with a status of 401 () @ https://eu.posthog.com/flags/?v=2&ip=0&_=1772729038801&ver=1.357.0&compression=base64:0
[ 8702011ms] [ERROR] Failed to load resource: net::ERR_CONNECTION_REFUSED @ http://localhost:8001/api/v1/products/?ids=1%2C2%2C3%2C8%2C4%2C5%2C6%2C7&lang=nl:0
[ 8702549ms] [ERROR] Failed to load resource: the server responded with a status of 401 () @ https://eu.posthog.com/flags/?v=2&ip=0&_=1772729338803&ver=1.357.0&compression=base64:0
[ 9002015ms] [ERROR] Failed to load resource: net::ERR_CONNECTION_REFUSED @ http://localhost:8001/api/v1/products/?ids=1%2C2%2C3%2C8%2C4%2C5%2C6%2C7&lang=nl:0
[ 9002546ms] [ERROR] Failed to load resource: the server responded with a status of 401 () @ https://eu.posthog.com/flags/?v=2&ip=0&_=1772729638805&ver=1.357.0&compression=base64:0
[ 9302016ms] [ERROR] Failed to load resource: net::ERR_CONNECTION_REFUSED @ http://localhost:8001/api/v1/products/?ids=1%2C2%2C3%2C8%2C4%2C5%2C6%2C7&lang=nl:0
[ 9302547ms] [ERROR] Failed to load resource: the server responded with a status of 401 () @ https://eu.posthog.com/flags/?v=2&ip=0&_=1772729938806&ver=1.357.0&compression=base64:0
[ 9602017ms] [ERROR] Failed to load resource: net::ERR_CONNECTION_REFUSED @ http://localhost:8001/api/v1/products/?ids=1%2C2%2C3%2C8%2C4%2C5%2C6%2C7&lang=nl:0
[ 9602730ms] [ERROR] Failed to load resource: the server responded with a status of 401 () @ https://eu.posthog.com/flags/?v=2&ip=0&_=1772730238807&ver=1.357.0&compression=base64:0
[ 9902524ms] [ERROR] Failed to load resource: the server responded with a status of 401 () @ https://eu.posthog.com/flags/?v=2&ip=0&_=1772730538808&ver=1.357.0&compression=base64:0
[10202536ms] [ERROR] Failed to load resource: the server responded with a status of 401 () @ https://eu.posthog.com/flags/?v=2&ip=0&_=1772730838812&ver=1.357.0&compression=base64:0
[10502532ms] [ERROR] Failed to load resource: the server responded with a status of 401 () @ https://eu.posthog.com/flags/?v=2&ip=0&_=1772731138813&ver=1.357.0&compression=base64:0
[10570867ms] [ERROR] Failed to load resource: the server responded with a status of 404 () @ https://eu-assets.i.posthog.com/array/phc_xxx/config.js:0
[10570867ms] [ERROR] Refused to execute script from 'https://eu-assets.i.posthog.com/array/phc_xxx/config.js' because its MIME type ('application/json') is not executable, and strict MIME type checking is enabled. @ http://localhost:4321/nl/:0
[10570925ms] [ERROR] Failed to load resource: the server responded with a status of 404 () @ https://eu-assets.i.posthog.com/array/phc_xxx/config?ip=0&_=1772731207190&ver=1.357.0:0
[10570968ms] [ERROR] Failed to load resource: the server responded with a status of 401 () @ https://eu.posthog.com/flags/?v=2&ip=0&_=1772731207254&ver=1.357.0&compression=base64:0
