[     452ms] [ERROR] Failed to load resource: the server responded with a status of 404 () @ https://eu-assets.i.posthog.com/array/phc_xxx/config.js:0
[     452ms] [ERROR] Refused to execute script from 'https://eu-assets.i.posthog.com/array/phc_xxx/config.js' because its MIME type ('application/json') is not executable, and strict MIME type checking is enabled. @ http://localhost:4321/nl/:0
[     537ms] [ERROR] Failed to load resource: the server responded with a status of 404 () @ https://eu-assets.i.posthog.com/array/phc_xxx/config?ip=0&_=1772731445706&ver=1.357.0:0
[     610ms] [ERROR] Failed to load resource: the server responded with a status of 401 () @ https://eu.posthog.com/flags/?v=2&ip=0&_=1772731445798&ver=1.357.0&compression=base64:0
[    5436ms] [ERROR] Failed to load resource: the server responded with a status of 401 (Unauthorized) @ http://localhost:8001/api/v1/merchant-comms/storefront/events/:0
[  300592ms] [ERROR] Failed to load resource: the server responded with a status of 401 () @ https://eu.posthog.com/flags/?v=2&ip=0&_=1772731745806&ver=1.357.0&compression=base64:0
[  600585ms] [ERROR] Failed to load resource: the server responded with a status of 401 () @ https://eu.posthog.com/flags/?v=2&ip=0&_=1772732045805&ver=1.357.0&compression=base64:0
[  900599ms] [ERROR] Failed to load resource: the server responded with a status of 401 () @ https://eu.posthog.com/flags/?v=2&ip=0&_=1772732345807&ver=1.357.0&compression=base64:0
[  902468ms] [ERROR] Failed to load resource: net::ERR_EMPTY_RESPONSE @ http://localhost:8001/api/v1/products/?ids=7%2C6%2C5%2C8%2C3%2C1%2C6%2C4%2C2%2C8%2C3%2C3%2C2%2C1&lang=nl:0
[ 1056686ms] [ERROR] Failed to load resource: the server responded with a status of 404 () @ https://eu-assets.i.posthog.com/array/phc_xxx/config.js:0
[ 1056686ms] [ERROR] Refused to execute script from 'https://eu-assets.i.posthog.com/array/phc_xxx/config.js' because its MIME type ('application/json') is not executable, and strict MIME type checking is enabled. @ http://localhost:4321/nl/:0
[ 1056729ms] [ERROR] Failed to load resource: the server responded with a status of 404 () @ https://eu-assets.i.posthog.com/array/phc_xxx/config?ip=0&_=1772732501940&ver=1.357.0:0
[ 1056762ms] [ERROR] Failed to load resource: the server responded with a status of 401 () @ https://eu.posthog.com/flags/?v=2&ip=0&_=1772732501989&ver=1.357.0&compression=base64:0
[ 1069777ms] [ERROR] Failed to load resource: the server responded with a status of 404 () @ https://eu-assets.i.posthog.com/array/phc_xxx/config.js:0
[ 1069777ms] [ERROR] Refused to execute script from 'https://eu-assets.i.posthog.com/array/phc_xxx/config.js' because its MIME type ('application/json') is not executable, and strict MIME type checking is enabled. @ http://localhost:4321/nl/:0
[ 1069828ms] [ERROR] Failed to load resource: the server responded with a status of 404 () @ https://eu-assets.i.posthog.com/array/phc_xxx/config?ip=0&_=1772732515033&ver=1.357.0:0
[ 1069895ms] [ERROR] Failed to load resource: the server responded with a status of 401 () @ https://eu.posthog.com/flags/?v=2&ip=0&_=1772732515088&ver=1.357.0&compression=base64:0
[ 1071625ms] [ERROR] Failed to load resource: the server responded with a status of 404 () @ https://eu-assets.i.posthog.com/array/phc_xxx/config.js:0
[ 1071625ms] [ERROR] Refused to execute script from 'https://eu-assets.i.posthog.com/array/phc_xxx/config.js' because its MIME type ('application/json') is not executable, and strict MIME type checking is enabled. @ http://localhost:4321/nl/:0
[ 1071670ms] [ERROR] Failed to load resource: the server responded with a status of 404 () @ https://eu-assets.i.posthog.com/array/phc_xxx/config?ip=0&_=1772732516879&ver=1.357.0:0
[ 1071740ms] [ERROR] Failed to load resource: the server responded with a status of 401 () @ https://eu.posthog.com/flags/?v=2&ip=0&_=1772732516930&ver=1.357.0&compression=base64:0
[ 1091850ms] [ERROR] Failed to load resource: the server responded with a status of 404 () @ https://eu-assets.i.posthog.com/array/phc_xxx/config.js:0
[ 1091850ms] [ERROR] Refused to execute script from 'https://eu-assets.i.posthog.com/array/phc_xxx/config.js' because its MIME type ('application/json') is not executable, and strict MIME type checking is enabled. @ http://localhost:4321/nl/:0
[ 1091899ms] [ERROR] Failed to load resource: the server responded with a status of 404 () @ https://eu-assets.i.posthog.com/array/phc_xxx/config?ip=0&_=1772732537105&ver=1.357.0:0
[ 1091959ms] [ERROR] Failed to load resource: the server responded with a status of 401 () @ https://eu.posthog.com/flags/?v=2&ip=0&_=1772732537160&ver=1.357.0&compression=base64:0
[ 1093993ms] [ERROR] Failed to load resource: the server responded with a status of 404 () @ https://eu-assets.i.posthog.com/array/phc_xxx/config.js:0
[ 1093993ms] [ERROR] Refused to execute script from 'https://eu-assets.i.posthog.com/array/phc_xxx/config.js' because its MIME type ('application/json') is not executable, and strict MIME type checking is enabled. @ http://localhost:4321/nl/:0
[ 1094052ms] [ERROR] Failed to load resource: the server responded with a status of 404 () @ https://eu-assets.i.posthog.com/array/phc_xxx/config?ip=0&_=1772732539249&ver=1.357.0:0
[ 1094101ms] [ERROR] Failed to load resource: the server responded with a status of 401 () @ https://eu.posthog.com/flags/?v=2&ip=0&_=1772732539313&ver=1.357.0&compression=base64:0
